0 info it worked if it ends with ok
1 verbose cli [ 'C:\\Program Files (x86)\\Nodist\\v-x64\\8.10.0\\node.exe',
1 verbose cli   'C:\\Program Files (x86)\\Nodist\\npmv\\4.0.5\\bin\\npm-cli.js',
1 verbose cli   'run',
1 verbose cli   'dev' ]
2 info using npm@4.0.5
3 info using node@v8.10.0
4 verbose run-script [ 'predev', 'dev', 'postdev' ]
5 info lifecycle dev@1.0.0~predev: dev@1.0.0
6 silly lifecycle dev@1.0.0~predev: no script for predev, continuing
7 info lifecycle dev@1.0.0~dev: dev@1.0.0
8 verbose lifecycle dev@1.0.0~dev: unsafe-perm in lifecycle true
9 verbose lifecycle dev@1.0.0~dev: PATH: C:\Program Files (x86)\Nodist\npmv\4.0.5\bin\node-gyp-bin;C:\xampp\htdocs\datsumou\node_modules\.bin;C:\Program Files (x86)\Nodist\v-x64\8.10.0;C:\Program Files (x86)\Common Files\Intel\Shared Libraries\redist\intel64\compiler;C:\ProgramData\Oracle\Java\javapath;C:\Program Files (x86)\NVIDIA Corporation\PhysX\Common;c:\Program Files (x86)\Intel\iCLS Client\;c:\Program Files\Intel\iCLS Client\;C:\WINDOWS\system32;C:\WINDOWS;C:\WINDOWS\System32\Wbem;C:\WINDOWS\System32\WindowsPowerShell\v1.0\;C:\xampp\htdocs\node\.nvmw;C:\Program Files (x86)\QuickTime\QTSystem\;C:\Program Files (x86)\Heroku\bin;C:\Program Files (x86)\git\cmd;C:\Program Files (x86)\Intel\Intel(R) Management Engine Components\DAL;C:\Program Files\Intel\Intel(R) Management Engine Components\DAL;C:\Program Files (x86)\Intel\Intel(R) Management Engine Components\IPT;C:\Program Files\Intel\Intel(R) Management Engine Components\IPT;C:\Program Files (x86)\Nodist\bin;C:\Ruby200-x64\bin;C:\Users\hashiguchi\Desktop\OpenSSH-Win64;C:\Users\hashiguchi\AppData\Local\Microsoft\WindowsApps;;C:\Program Files\Microsoft VS Code\bin
10 verbose lifecycle dev@1.0.0~dev: CWD: C:\xampp\htdocs\datsumou
11 silly lifecycle dev@1.0.0~dev: Args: [ '/d /s /c', 'webpack --mode development --watch' ]
12 silly lifecycle dev@1.0.0~dev: Returned: code: 1  signal: null
13 info lifecycle dev@1.0.0~dev: Failed to exec dev script
14 verbose stack Error: dev@1.0.0 dev: `webpack --mode development --watch`
14 verbose stack Exit status 1
14 verbose stack     at EventEmitter.<anonymous> (C:\Program Files (x86)\Nodist\npmv\4.0.5\lib\utils\lifecycle.js:279:16)
14 verbose stack     at emitTwo (events.js:126:13)
14 verbose stack     at EventEmitter.emit (events.js:214:7)
14 verbose stack     at ChildProcess.<anonymous> (C:\Program Files (x86)\Nodist\npmv\4.0.5\lib\utils\spawn.js:40:14)
14 verbose stack     at emitTwo (events.js:126:13)
14 verbose stack     at ChildProcess.emit (events.js:214:7)
14 verbose stack     at maybeClose (internal/child_process.js:925:16)
14 verbose stack     at Process.ChildProcess._handle.onexit (internal/child_process.js:209:5)
15 verbose pkgid dev@1.0.0
16 verbose cwd C:\xampp\htdocs\datsumou
17 error Windows_NT 10.0.16299
18 error argv "C:\\Program Files (x86)\\Nodist\\v-x64\\8.10.0\\node.exe" "C:\\Program Files (x86)\\Nodist\\npmv\\4.0.5\\bin\\npm-cli.js" "run" "dev"
19 error node v8.10.0
20 error npm  v4.0.5
21 error code ELIFECYCLE
22 error dev@1.0.0 dev: `webpack --mode development --watch`
22 error Exit status 1
23 error Failed at the dev@1.0.0 dev script 'webpack --mode development --watch'.
23 error Make sure you have the latest version of node.js and npm installed.
23 error If you do, this is most likely a problem with the dev package,
23 error not with npm itself.
23 error Tell the author that this fails on your system:
23 error     webpack --mode development --watch
23 error You can get information on how to open an issue for this project with:
23 error     npm bugs dev
23 error Or if that isn't available, you can get their info via:
23 error     npm owner ls dev
23 error There is likely additional logging output above.
24 verbose exit [ 1, true ]
